
*** Running vivado
    with args -log lab6.vdi -applog -m64 -product Vivado -messageDb vivado.pb -mode batch -source lab6.tcl -notrace



****** Vivado v2024.1 (64-bit)
  **** SW Build 5076996 on Wed May 22 18:37:14 MDT 2024
  **** IP Build 5075265 on Wed May 22 21:45:21 MDT 2024
  **** SharedData Build 5076995 on Wed May 22 18:29:18 MDT 2024
  **** Start of session at: Sun Nov  3 22:55:05 2024
    ** Copyright 1986-2022 Xilinx, Inc. All Rights Reserved.
    ** Copyright 2022-2024 Advanced Micro Devices, Inc. All Rights Reserved.

source lab6.tcl -notrace
create_project: Time (s): cpu = 00:00:01 ; elapsed = 00:00:06 . Memory (MB): peak = 510.352 ; gain = 200.938
Command: link_design -top lab6 -part xc7a35ticsg324-1L
Design is defaulting to srcset: sources_1
Design is defaulting to constrset: constrs_1
INFO: [Device 21-403] Loading part xc7a35ticsg324-1L
INFO: [Device 21-9227] Part: xc7a35ticsg324-1L does not have CEAM library.
Netlist sorting complete. Time (s): cpu = 00:00:00 ; elapsed = 00:00:00.011 . Memory (MB): peak = 916.293 ; gain = 0.000
INFO: [Netlist 29-17] Analyzing 76 Unisim elements for replacement
INFO: [Netlist 29-28] Unisim Transformation completed in 0 CPU seconds
WARNING: [Netlist 29-101] Netlist 'lab6' is not ideal for floorplanning, since the cellview 'lab6' contains a large number of primitives.  Please consider enabling hierarchy in synthesis if you want to do floorplanning.
INFO: [Project 1-479] Netlist was created with Vivado 2024.1
INFO: [Project 1-570] Preparing netlist for logic optimization
Parsing XDC File [D:/DLab/lab_7_for_students/lab_7.srcs/constrs_1/lab7.xdc]
WARNING: [Vivado 12-584] No ports matched 'LCD_E'. [D:/DLab/lab_7_for_students/lab_7.srcs/constrs_1/lab7.xdc:62]
CRITICAL WARNING: [Common 17-55] 'set_property' expects at least one object. [D:/DLab/lab_7_for_students/lab_7.srcs/constrs_1/lab7.xdc:62]
Resolution: If [get_<value>] was used to populate the object, check to make sure this command returns at least one valid object.
WARNING: [Vivado 12-584] No ports matched 'LCD_RW'. [D:/DLab/lab_7_for_students/lab_7.srcs/constrs_1/lab7.xdc:63]
CRITICAL WARNING: [Common 17-55] 'set_property' expects at least one object. [D:/DLab/lab_7_for_students/lab_7.srcs/constrs_1/lab7.xdc:63]
Resolution: If [get_<value>] was used to populate the object, check to make sure this command returns at least one valid object.
WARNING: [Vivado 12-584] No ports matched 'LCD_RS'. [D:/DLab/lab_7_for_students/lab_7.srcs/constrs_1/lab7.xdc:64]
CRITICAL WARNING: [Common 17-55] 'set_property' expects at least one object. [D:/DLab/lab_7_for_students/lab_7.srcs/constrs_1/lab7.xdc:64]
Resolution: If [get_<value>] was used to populate the object, check to make sure this command returns at least one valid object.
WARNING: [Vivado 12-584] No ports matched 'LCD_D[3]'. [D:/DLab/lab_7_for_students/lab_7.srcs/constrs_1/lab7.xdc:65]
CRITICAL WARNING: [Common 17-55] 'set_property' expects at least one object. [D:/DLab/lab_7_for_students/lab_7.srcs/constrs_1/lab7.xdc:65]
Resolution: If [get_<value>] was used to populate the object, check to make sure this command returns at least one valid object.
WARNING: [Vivado 12-584] No ports matched 'LCD_D[2]'. [D:/DLab/lab_7_for_students/lab_7.srcs/constrs_1/lab7.xdc:66]
CRITICAL WARNING: [Common 17-55] 'set_property' expects at least one object. [D:/DLab/lab_7_for_students/lab_7.srcs/constrs_1/lab7.xdc:66]
Resolution: If [get_<value>] was used to populate the object, check to make sure this command returns at least one valid object.
WARNING: [Vivado 12-584] No ports matched 'LCD_D[1]'. [D:/DLab/lab_7_for_students/lab_7.srcs/constrs_1/lab7.xdc:67]
CRITICAL WARNING: [Common 17-55] 'set_property' expects at least one object. [D:/DLab/lab_7_for_students/lab_7.srcs/constrs_1/lab7.xdc:67]
Resolution: If [get_<value>] was used to populate the object, check to make sure this command returns at least one valid object.
WARNING: [Vivado 12-584] No ports matched 'LCD_D[0]'. [D:/DLab/lab_7_for_students/lab_7.srcs/constrs_1/lab7.xdc:68]
CRITICAL WARNING: [Common 17-55] 'set_property' expects at least one object. [D:/DLab/lab_7_for_students/lab_7.srcs/constrs_1/lab7.xdc:68]
Resolution: If [get_<value>] was used to populate the object, check to make sure this command returns at least one valid object.
Finished Parsing XDC File [D:/DLab/lab_7_for_students/lab_7.srcs/constrs_1/lab7.xdc]
INFO: [Opt 31-138] Pushed 0 inverter(s) to 0 load pin(s).
Netlist sorting complete. Time (s): cpu = 00:00:00 ; elapsed = 00:00:00.001 . Memory (MB): peak = 1046.430 ; gain = 0.000
INFO: [Project 1-111] Unisim Transformation Summary:
No Unisim elements were transformed.

8 Infos, 8 Warnings, 7 Critical Warnings and 0 Errors encountered.
link_design completed successfully
Command: opt_design
Attempting to get a license for feature 'Implementation' and/or device 'xc7a35ti'
INFO: [Common 17-349] Got license for feature 'Implementation' and/or device 'xc7a35ti'
Running DRC as a precondition to command opt_design

Starting DRC Task
INFO: [DRC 23-27] Running DRC with 2 threads
INFO: [Project 1-461] DRC finished with 0 Errors
INFO: [Project 1-462] Please refer to the DRC report (report_drc) for more information.

Time (s): cpu = 00:00:00 ; elapsed = 00:00:00.785 . Memory (MB): peak = 1073.277 ; gain = 22.848

Starting Cache Timing Information Task
INFO: [Timing 38-35] Done setting XDC timing constraints.
Ending Cache Timing Information Task | Checksum: 32cb613a6

Time (s): cpu = 00:00:02 ; elapsed = 00:00:06 . Memory (MB): peak = 1618.023 ; gain = 544.746

Starting Logic Optimization Task

Phase 1 Initialization

Phase 1.1 Core Generation And Design Setup
Phase 1.1 Core Generation And Design Setup | Checksum: 32cb613a6

Time (s): cpu = 00:00:00 ; elapsed = 00:00:00.001 . Memory (MB): peak = 1995.238 ; gain = 0.000

Phase 1.2 Setup Constraints And Sort Netlist
Phase 1.2 Setup Constraints And Sort Netlist | Checksum: 32cb613a6

Time (s): cpu = 00:00:00 ; elapsed = 00:00:00.002 . Memory (MB): peak = 1995.238 ; gain = 0.000
Phase 1 Initialization | Checksum: 32cb613a6

Time (s): cpu = 00:00:00 ; elapsed = 00:00:00.002 . Memory (MB): peak = 1995.238 ; gain = 0.000

Phase 2 Timer Update And Timing Data Collection

Phase 2.1 Timer Update
Phase 2.1 Timer Update | Checksum: 32cb613a6

Time (s): cpu = 00:00:00 ; elapsed = 00:00:00.056 . Memory (MB): peak = 1995.238 ; gain = 0.000

Phase 2.2 Timing Data Collection
Phase 2.2 Timing Data Collection | Checksum: 32cb613a6

Time (s): cpu = 00:00:00 ; elapsed = 00:00:00.062 . Memory (MB): peak = 1995.238 ; gain = 0.000
Phase 2 Timer Update And Timing Data Collection | Checksum: 32cb613a6

Time (s): cpu = 00:00:00 ; elapsed = 00:00:00.063 . Memory (MB): peak = 1995.238 ; gain = 0.000

Phase 3 Retarget
INFO: [Opt 31-1834] Total Chains To Be Transformed Were: 0 AND Number of Transformed insts Created are: 0
INFO: [Opt 31-138] Pushed 0 inverter(s) to 0 load pin(s).
INFO: [Opt 31-49] Retargeted 0 cell(s).
Phase 3 Retarget | Checksum: 32cb613a6

Time (s): cpu = 00:00:00 ; elapsed = 00:00:00.086 . Memory (MB): peak = 1995.238 ; gain = 0.000
Retarget | Checksum: 32cb613a6
INFO: [Opt 31-389] Phase Retarget created 0 cells and removed 0 cells

Phase 4 Constant propagation
INFO: [Opt 31-138] Pushed 0 inverter(s) to 0 load pin(s).
Phase 4 Constant propagation | Checksum: 2c298b6ff

Time (s): cpu = 00:00:00 ; elapsed = 00:00:00.100 . Memory (MB): peak = 1995.238 ; gain = 0.000
Constant propagation | Checksum: 2c298b6ff
INFO: [Opt 31-389] Phase Constant propagation created 0 cells and removed 0 cells

Phase 5 Sweep
Phase 5 Sweep | Checksum: 2c4c90f2e

Time (s): cpu = 00:00:00 ; elapsed = 00:00:00.115 . Memory (MB): peak = 1995.238 ; gain = 0.000
Sweep | Checksum: 2c4c90f2e
INFO: [Opt 31-389] Phase Sweep created 0 cells and removed 0 cells

Phase 6 BUFG optimization
Phase 6 BUFG optimization | Checksum: 2c4c90f2e

Time (s): cpu = 00:00:00 ; elapsed = 00:00:00.151 . Memory (MB): peak = 1995.238 ; gain = 0.000
BUFG optimization | Checksum: 2c4c90f2e
INFO: [Opt 31-662] Phase BUFG optimization created 0 cells of which 0 are BUFGs and removed 0 cells.

Phase 7 Shift Register Optimization
INFO: [Opt 31-1064] SRL Remap converted 0 SRLs to 0 registers and converted 0 registers of register chains to 0 SRLs
Phase 7 Shift Register Optimization | Checksum: 2c4c90f2e

Time (s): cpu = 00:00:00 ; elapsed = 00:00:00.154 . Memory (MB): peak = 1995.238 ; gain = 0.000
Shift Register Optimization | Checksum: 2c4c90f2e
INFO: [Opt 31-389] Phase Shift Register Optimization created 0 cells and removed 0 cells

Phase 8 Post Processing Netlist
Phase 8 Post Processing Netlist | Checksum: 2c4c90f2e

Time (s): cpu = 00:00:00 ; elapsed = 00:00:00.158 . Memory (MB): peak = 1995.238 ; gain = 0.000
Post Processing Netlist | Checksum: 2c4c90f2e
INFO: [Opt 31-389] Phase Post Processing Netlist created 0 cells and removed 0 cells

Phase 9 Finalization

Phase 9.1 Finalizing Design Cores and Updating Shapes
Phase 9.1 Finalizing Design Cores and Updating Shapes | Checksum: 2c0c4d22a

Time (s): cpu = 00:00:00 ; elapsed = 00:00:00.173 . Memory (MB): peak = 1995.238 ; gain = 0.000

Phase 9.2 Verifying Netlist Connectivity

Starting Connectivity Check Task

Time (s): cpu = 00:00:00 ; elapsed = 00:00:00.003 . Memory (MB): peak = 1995.238 ; gain = 0.000
Phase 9.2 Verifying Netlist Connectivity | Checksum: 2c0c4d22a

Time (s): cpu = 00:00:00 ; elapsed = 00:00:00.176 . Memory (MB): peak = 1995.238 ; gain = 0.000
Phase 9 Finalization | Checksum: 2c0c4d22a

Time (s): cpu = 00:00:00 ; elapsed = 00:00:00.176 . Memory (MB): peak = 1995.238 ; gain = 0.000
Opt_design Change Summary
=========================


-------------------------------------------------------------------------------------------------------------------------
|  Phase                        |  #Cells created  |  #Cells Removed  |  #Constrained objects preventing optimizations  |
-------------------------------------------------------------------------------------------------------------------------
|  Retarget                     |               0  |               0  |                                              0  |
|  Constant propagation         |               0  |               0  |                                              0  |
|  Sweep                        |               0  |               0  |                                              0  |
|  BUFG optimization            |               0  |               0  |                                              0  |
|  Shift Register Optimization  |               0  |               0  |                                              0  |
|  Post Processing Netlist      |               0  |               0  |                                              0  |
-------------------------------------------------------------------------------------------------------------------------


Ending Logic Optimization Task | Checksum: 2c0c4d22a

Time (s): cpu = 00:00:00 ; elapsed = 00:00:00.177 . Memory (MB): peak = 1995.238 ; gain = 0.000

Starting Power Optimization Task
INFO: [Pwropt 34-132] Skipping clock gating for clocks with a period < 2.00 ns.
INFO: [Pwropt 34-9] Applying IDT optimizations ...
INFO: [Pwropt 34-10] Applying ODC optimizations ...
INFO: [Timing 38-35] Done setting XDC timing constraints.
Running Vector-less Activity Propagation...

Finished Running Vector-less Activity Propagation


Starting PowerOpt Patch Enables Task
INFO: [Pwropt 34-162] WRITE_MODE attribute of 0 BRAM(s) out of a total of 2 has been updated to save power. Run report_power_opt to get a complete listing of the BRAMs updated.
INFO: [Pwropt 34-201] Structural ODC has moved 0 WE to EN ports
Number of BRAM Ports augmented: 0 newly gated: 0 Total Ports: 4
Ending PowerOpt Patch Enables Task | Checksum: 2c0c4d22a

Time (s): cpu = 00:00:00 ; elapsed = 00:00:00.013 . Memory (MB): peak = 2066.207 ; gain = 0.000
Ending Power Optimization Task | Checksum: 2c0c4d22a

Time (s): cpu = 00:00:01 ; elapsed = 00:00:00.632 . Memory (MB): peak = 2066.207 ; gain = 70.969

Starting Final Cleanup Task
Ending Final Cleanup Task | Checksum: 2c0c4d22a

Time (s): cpu = 00:00:00 ; elapsed = 00:00:00 . Memory (MB): peak = 2066.207 ; gain = 0.000

Starting Netlist Obfuscation Task
Netlist sorting complete. Time (s): cpu = 00:00:00 ; elapsed = 00:00:00.001 . Memory (MB): peak = 2066.207 ; gain = 0.000
Ending Netlist Obfuscation Task | Checksum: 2c0c4d22a

Time (s): cpu = 00:00:00 ; elapsed = 00:00:00.001 . Memory (MB): peak = 2066.207 ; gain = 0.000
INFO: [Common 17-83] Releasing license: Implementation
31 Infos, 8 Warnings, 7 Critical Warnings and 0 Errors encountered.
opt_design completed successfully
opt_design: Time (s): cpu = 00:00:04 ; elapsed = 00:00:10 . Memory (MB): peak = 2066.207 ; gain = 1015.777
INFO: [Vivado 12-24828] Executing command : report_drc -file lab6_drc_opted.rpt -pb lab6_drc_opted.pb -rpx lab6_drc_opted.rpx
Command: report_drc -file lab6_drc_opted.rpt -pb lab6_drc_opted.pb -rpx lab6_drc_opted.rpx
INFO: [IP_Flow 19-234] Refreshing IP repositories
INFO: [IP_Flow 19-1704] No user IP repositories specified
INFO: [IP_Flow 19-2313] Loaded Vivado IP repository 'D:/Vivado/2024.1/data/ip'.
INFO: [DRC 23-27] Running DRC with 2 threads
INFO: [Vivado_Tcl 2-168] The results of DRC are in file D:/DLab/lab_7_for_students/lab_7.runs/impl_1/lab6_drc_opted.rpt.
report_drc completed successfully
INFO: [Timing 38-480] Writing timing data to binary archive.
Write ShapeDB Complete: Time (s): cpu = 00:00:00 ; elapsed = 00:00:00.005 . Memory (MB): peak = 2066.207 ; gain = 0.000
Wrote PlaceDB: Time (s): cpu = 00:00:00 ; elapsed = 00:00:00.001 . Memory (MB): peak = 2066.207 ; gain = 0.000
Wrote PulsedLatchDB: Time (s): cpu = 00:00:00 ; elapsed = 00:00:00 . Memory (MB): peak = 2066.207 ; gain = 0.000
Writing XDEF routing.
Writing XDEF routing logical nets.
Writing XDEF routing special nets.
Wrote RouteStorage: Time (s): cpu = 00:00:00 ; elapsed = 00:00:00.054 . Memory (MB): peak = 2066.207 ; gain = 0.000
Wrote Netlist Cache: Time (s): cpu = 00:00:00 ; elapsed = 00:00:00 . Memory (MB): peak = 2066.207 ; gain = 0.000
Wrote Device Cache: Time (s): cpu = 00:00:00 ; elapsed = 00:00:00.008 . Memory (MB): peak = 2066.207 ; gain = 0.000
Write Physdb Complete: Time (s): cpu = 00:00:00 ; elapsed = 00:00:00.068 . Memory (MB): peak = 2066.207 ; gain = 0.000
INFO: [Common 17-1381] The checkpoint 'D:/DLab/lab_7_for_students/lab_7.runs/impl_1/lab6_opt.dcp' has been generated.
Command: place_design
Attempting to get a license for feature 'Implementation' and/or device 'xc7a35ti'
INFO: [Common 17-349] Got license for feature 'Implementation' and/or device 'xc7a35ti'
INFO: [Common 17-83] Releasing license: Implementation
INFO: [DRC 23-27] Running DRC with 2 threads
INFO: [Vivado_Tcl 4-198] DRC finished with 0 Errors
INFO: [Vivado_Tcl 4-199] Please refer to the DRC report (report_drc) for more information.
Running DRC as a precondition to command place_design
INFO: [DRC 23-27] Running DRC with 2 threads
INFO: [Vivado_Tcl 4-198] DRC finished with 0 Errors
INFO: [Vivado_Tcl 4-199] Please refer to the DRC report (report_drc) for more information.
INFO: [Place 30-611] Multithreading enabled for place_design using a maximum of 2 CPUs

Starting Placer Task

Phase 1 Placer Initialization

Phase 1.1 Placer Initialization Netlist Sorting
Netlist sorting complete. Time (s): cpu = 00:00:00 ; elapsed = 00:00:00.001 . Memory (MB): peak = 2066.207 ; gain = 0.000
Phase 1.1 Placer Initialization Netlist Sorting | Checksum: 213d35ea2

Time (s): cpu = 00:00:00 ; elapsed = 00:00:00.002 . Memory (MB): peak = 2066.207 ; gain = 0.000
Netlist sorting complete. Time (s): cpu = 00:00:00 ; elapsed = 00:00:00 . Memory (MB): peak = 2066.207 ; gain = 0.000

Phase 1.2 IO Placement/ Clock Placement/ Build Placer Device
INFO: [Timing 38-35] Done setting XDC timing constraints.
Phase 1.2 IO Placement/ Clock Placement/ Build Placer Device | Checksum: 21819d895

Time (s): cpu = 00:00:01 ; elapsed = 00:00:00.285 . Memory (MB): peak = 2066.207 ; gain = 0.000

Phase 1.3 Build Placer Netlist Model
Phase 1.3 Build Placer Netlist Model | Checksum: 27b88bc69

Time (s): cpu = 00:00:01 ; elapsed = 00:00:00.648 . Memory (MB): peak = 2066.207 ; gain = 0.000

Phase 1.4 Constrain Clocks/Macros
Phase 1.4 Constrain Clocks/Macros | Checksum: 27b88bc69

Time (s): cpu = 00:00:01 ; elapsed = 00:00:00.652 . Memory (MB): peak = 2066.207 ; gain = 0.000
Phase 1 Placer Initialization | Checksum: 27b88bc69

Time (s): cpu = 00:00:01 ; elapsed = 00:00:00.658 . Memory (MB): peak = 2066.207 ; gain = 0.000

Phase 2 Global Placement

Phase 2.1 Floorplanning
Phase 2.1 Floorplanning | Checksum: 2bdbfbd4b

Time (s): cpu = 00:00:01 ; elapsed = 00:00:00.812 . Memory (MB): peak = 2066.207 ; gain = 0.000

Phase 2.2 Update Timing before SLR Path Opt
Phase 2.2 Update Timing before SLR Path Opt | Checksum: 30469280e

Time (s): cpu = 00:00:01 ; elapsed = 00:00:00.938 . Memory (MB): peak = 2066.207 ; gain = 0.000

Phase 2.3 Post-Processing in Floorplanning
Phase 2.3 Post-Processing in Floorplanning | Checksum: 30469280e

Time (s): cpu = 00:00:01 ; elapsed = 00:00:00.944 . Memory (MB): peak = 2066.207 ; gain = 0.000

Phase 2.4 Global Placement Core

Phase 2.4.1 UpdateTiming Before Physical Synthesis
Phase 2.4.1 UpdateTiming Before Physical Synthesis | Checksum: 2b7426884

Time (s): cpu = 00:00:02 ; elapsed = 00:00:03 . Memory (MB): peak = 2066.207 ; gain = 0.000

Phase 2.4.2 Physical Synthesis In Placer
INFO: [Physopt 32-1035] Found 0 LUTNM shape to break, 45 LUT instances to create LUTNM shape
INFO: [Physopt 32-1044] Break lutnm for timing: one critical 0, two critical 0, total 0, new lutff created 0
INFO: [Physopt 32-1138] End 1 Pass. Optimized 19 nets or LUTs. Breaked 0 LUT, combined 19 existing LUTs and moved 0 existing LUT
INFO: [Physopt 32-65] No nets found for high-fanout optimization.
INFO: [Physopt 32-232] Optimized 0 net. Created 0 new instance.
INFO: [Physopt 32-775] End 1 Pass. Optimized 0 net or cell. Created 0 new cell, deleted 0 existing cell and moved 0 existing cell
INFO: [Physopt 32-670] No setup violation found.  DSP Register Optimization was not performed.
INFO: [Physopt 32-670] No setup violation found.  Shift Register to Pipeline Optimization was not performed.
INFO: [Physopt 32-670] No setup violation found.  Shift Register Optimization was not performed.
INFO: [Physopt 32-670] No setup violation found.  BRAM Register Optimization was not performed.
INFO: [Physopt 32-670] No setup violation found.  URAM Register Optimization was not performed.
INFO: [Physopt 32-949] No candidate nets found for dynamic/static region interface net replication
INFO: [Physopt 32-775] End 1 Pass. Optimized 0 net or cell. Created 0 new cell, deleted 0 existing cell and moved 0 existing cell
Netlist sorting complete. Time (s): cpu = 00:00:00 ; elapsed = 00:00:00 . Memory (MB): peak = 2066.207 ; gain = 0.000

Summary of Physical Synthesis Optimizations
============================================


-----------------------------------------------------------------------------------------------------------------------------------------------------------
|  Optimization                                     |  Added Cells  |  Removed Cells  |  Optimized Cells/Nets  |  Dont Touch  |  Iterations  |  Elapsed   |
-----------------------------------------------------------------------------------------------------------------------------------------------------------
|  LUT Combining                                    |            0  |             19  |                    19  |           0  |           1  |  00:00:00  |
|  Retime                                           |            0  |              0  |                     0  |           0  |           1  |  00:00:00  |
|  Very High Fanout                                 |            0  |              0  |                     0  |           0  |           1  |  00:00:00  |
|  DSP Register                                     |            0  |              0  |                     0  |           0  |           0  |  00:00:00  |
|  Shift Register to Pipeline                       |            0  |              0  |                     0  |           0  |           0  |  00:00:00  |
|  Shift Register                                   |            0  |              0  |                     0  |           0  |           0  |  00:00:00  |
|  BRAM Register                                    |            0  |              0  |                     0  |           0  |           0  |  00:00:00  |
|  URAM Register                                    |            0  |              0  |                     0  |           0  |           0  |  00:00:00  |
|  Dynamic/Static Region Interface Net Replication  |            0  |              0  |                     0  |           0  |           1  |  00:00:00  |
|  Total                                            |            0  |             19  |                    19  |           0  |           4  |  00:00:00  |
-----------------------------------------------------------------------------------------------------------------------------------------------------------


Phase 2.4.2 Physical Synthesis In Placer | Checksum: 24ba8e6c3

Time (s): cpu = 00:00:02 ; elapsed = 00:00:03 . Memory (MB): peak = 2066.207 ; gain = 0.000
Phase 2.4 Global Placement Core | Checksum: 26d32f8da

Time (s): cpu = 00:00:02 ; elapsed = 00:00:03 . Memory (MB): peak = 2066.207 ; gain = 0.000
Phase 2 Global Placement | Checksum: 26d32f8da

Time (s): cpu = 00:00:02 ; elapsed = 00:00:03 . Memory (MB): peak = 2066.207 ; gain = 0.000

Phase 3 Detail Placement

Phase 3.1 Commit Multi Column Macros
Phase 3.1 Commit Multi Column Macros | Checksum: 299825eb7

Time (s): cpu = 00:00:02 ; elapsed = 00:00:03 . Memory (MB): peak = 2066.207 ; gain = 0.000

Phase 3.2 Commit Most Macros & LUTRAMs
Phase 3.2 Commit Most Macros & LUTRAMs | Checksum: 2eb70ace4

Time (s): cpu = 00:00:02 ; elapsed = 00:00:04 . Memory (MB): peak = 2066.207 ; gain = 0.000

Phase 3.3 Area Swap Optimization
Phase 3.3 Area Swap Optimization | Checksum: 2df557f42

Time (s): cpu = 00:00:02 ; elapsed = 00:00:04 . Memory (MB): peak = 2066.207 ; gain = 0.000

Phase 3.4 Pipeline Register Optimization
Phase 3.4 Pipeline Register Optimization | Checksum: 2940be859

Time (s): cpu = 00:00:02 ; elapsed = 00:00:04 . Memory (MB): peak = 2066.207 ; gain = 0.000

Phase 3.5 Small Shape Detail Placement
Phase 3.5 Small Shape Detail Placement | Checksum: 24bf7a625

Time (s): cpu = 00:00:03 ; elapsed = 00:00:04 . Memory (MB): peak = 2066.207 ; gain = 0.000

Phase 3.6 Re-assign LUT pins
Phase 3.6 Re-assign LUT pins | Checksum: 1ff36437a

Time (s): cpu = 00:00:03 ; elapsed = 00:00:05 . Memory (MB): peak = 2066.207 ; gain = 0.000

Phase 3.7 Pipeline Register Optimization
Phase 3.7 Pipeline Register Optimization | Checksum: 1f6118eea

Time (s): cpu = 00:00:03 ; elapsed = 00:00:05 . Memory (MB): peak = 2066.207 ; gain = 0.000
Phase 3 Detail Placement | Checksum: 1f6118eea

Time (s): cpu = 00:00:03 ; elapsed = 00:00:05 . Memory (MB): peak = 2066.207 ; gain = 0.000

Phase 4 Post Placement Optimization and Clean-Up

Phase 4.1 Post Commit Optimization
INFO: [Timing 38-35] Done setting XDC timing constraints.

Phase 4.1.1 Post Placement Optimization
Post Placement Optimization Initialization | Checksum: 28d8e4a66

Phase 4.1.1.1 BUFG Insertion

Starting Physical Synthesis Task

Phase 1 Physical Synthesis Initialization
INFO: [Physopt 32-721] Multithreading enabled for phys_opt_design using a maximum of 2 CPUs
INFO: [Physopt 32-619] Estimated Timing Summary | WNS=-0.144 | TNS=-0.154 |
Phase 1 Physical Synthesis Initialization | Checksum: 213b667b4

Time (s): cpu = 00:00:00 ; elapsed = 00:00:00.108 . Memory (MB): peak = 2066.207 ; gain = 0.000
INFO: [Place 46-56] BUFG insertion identified 0 candidate nets. Inserted BUFG: 0, Replicated BUFG Driver: 0, Skipped due to Placement/Routing Conflicts: 0, Skipped due to Timing Degradation: 0, Skipped due to netlist editing failed: 0.
Ending Physical Synthesis Task | Checksum: 2aa119bc8

Time (s): cpu = 00:00:00 ; elapsed = 00:00:00.121 . Memory (MB): peak = 2066.207 ; gain = 0.000
Phase 4.1.1.1 BUFG Insertion | Checksum: 28d8e4a66

Time (s): cpu = 00:00:03 ; elapsed = 00:00:05 . Memory (MB): peak = 2066.207 ; gain = 0.000

Phase 4.1.1.2 Post Placement Timing Optimization
INFO: [Place 30-746] Post Placement Timing Summary WNS=0.554. For the most accurate timing information please run report_timing.
Phase 4.1.1.2 Post Placement Timing Optimization | Checksum: 1ccd0e092

Time (s): cpu = 00:00:03 ; elapsed = 00:00:06 . Memory (MB): peak = 2066.207 ; gain = 0.000

Time (s): cpu = 00:00:03 ; elapsed = 00:00:06 . Memory (MB): peak = 2066.207 ; gain = 0.000
Phase 4.1 Post Commit Optimization | Checksum: 1ccd0e092

Time (s): cpu = 00:00:03 ; elapsed = 00:00:06 . Memory (MB): peak = 2066.207 ; gain = 0.000

Phase 4.2 Post Placement Cleanup
Phase 4.2 Post Placement Cleanup | Checksum: 1ccd0e092

Time (s): cpu = 00:00:03 ; elapsed = 00:00:06 . Memory (MB): peak = 2066.207 ; gain = 0.000

Phase 4.3 Placer Reporting

Phase 4.3.1 Print Estimated Congestion
INFO: [Place 30-612] Post-Placement Estimated Congestion 
 ____________________________________________________
|           | Global Congestion | Short Congestion  |
| Direction | Region Size       | Region Size       |
|___________|___________________|___________________|
|      North|                1x1|                1x1|
|___________|___________________|___________________|
|      South|                1x1|                1x1|
|___________|___________________|___________________|
|       East|                1x1|                1x1|
|___________|___________________|___________________|
|       West|                1x1|                1x1|
|___________|___________________|___________________|

Phase 4.3.1 Print Estimated Congestion | Checksum: 1ccd0e092

Time (s): cpu = 00:00:03 ; elapsed = 00:00:06 . Memory (MB): peak = 2066.207 ; gain = 0.000
Phase 4.3 Placer Reporting | Checksum: 1ccd0e092

Time (s): cpu = 00:00:03 ; elapsed = 00:00:06 . Memory (MB): peak = 2066.207 ; gain = 0.000

Phase 4.4 Final Placement Cleanup
Netlist sorting complete. Time (s): cpu = 00:00:00 ; elapsed = 00:00:00 . Memory (MB): peak = 2066.207 ; gain = 0.000

Time (s): cpu = 00:00:03 ; elapsed = 00:00:06 . Memory (MB): peak = 2066.207 ; gain = 0.000
Phase 4 Post Placement Optimization and Clean-Up | Checksum: 1e0bfe8bb

Time (s): cpu = 00:00:03 ; elapsed = 00:00:06 . Memory (MB): peak = 2066.207 ; gain = 0.000
Ending Placer Task | Checksum: 1a5dfcada

Time (s): cpu = 00:00:03 ; elapsed = 00:00:06 . Memory (MB): peak = 2066.207 ; gain = 0.000
68 Infos, 8 Warnings, 7 Critical Warnings and 0 Errors encountered.
place_design completed successfully
place_design: Time (s): cpu = 00:00:04 ; elapsed = 00:00:07 . Memory (MB): peak = 2066.207 ; gain = 0.000
INFO: [Vivado 12-24838] Running report commands "report_control_sets, report_io, report_utilization" in parallel.
Running report generation with 2 threads.
INFO: [Vivado 12-24828] Executing command : report_utilization -file lab6_utilization_placed.rpt -pb lab6_utilization_placed.pb
INFO: [Vivado 12-24828] Executing command : report_io -file lab6_io_placed.rpt
report_io: Time (s): cpu = 00:00:00 ; elapsed = 00:00:00.041 . Memory (MB): peak = 2066.207 ; gain = 0.000
INFO: [Vivado 12-24828] Executing command : report_control_sets -verbose -file lab6_control_sets_placed.rpt
report_control_sets: Time (s): cpu = 00:00:00 ; elapsed = 00:00:00.012 . Memory (MB): peak = 2066.207 ; gain = 0.000
INFO: [Timing 38-480] Writing timing data to binary archive.
Write ShapeDB Complete: Time (s): cpu = 00:00:00 ; elapsed = 00:00:00.004 . Memory (MB): peak = 2066.207 ; gain = 0.000
Wrote PlaceDB: Time (s): cpu = 00:00:00 ; elapsed = 00:00:00.149 . Memory (MB): peak = 2066.207 ; gain = 0.000
Wrote PulsedLatchDB: Time (s): cpu = 00:00:00 ; elapsed = 00:00:00 . Memory (MB): peak = 2066.207 ; gain = 0.000
Writing XDEF routing.
Writing XDEF routing logical nets.
Writing XDEF routing special nets.
Wrote RouteStorage: Time (s): cpu = 00:00:00 ; elapsed = 00:00:00.014 . Memory (MB): peak = 2066.207 ; gain = 0.000
Wrote Netlist Cache: Time (s): cpu = 00:00:00 ; elapsed = 00:00:00.005 . Memory (MB): peak = 2066.207 ; gain = 0.000
Wrote Device Cache: Time (s): cpu = 00:00:00 ; elapsed = 00:00:00.005 . Memory (MB): peak = 2066.207 ; gain = 0.000
Write Physdb Complete: Time (s): cpu = 00:00:00 ; elapsed = 00:00:00.179 . Memory (MB): peak = 2066.207 ; gain = 0.000
INFO: [Common 17-1381] The checkpoint 'D:/DLab/lab_7_for_students/lab_7.runs/impl_1/lab6_placed.dcp' has been generated.
Command: route_design
Attempting to get a license for feature 'Implementation' and/or device 'xc7a35ti'
INFO: [Common 17-349] Got license for feature 'Implementation' and/or device 'xc7a35ti'
Running DRC as a precondition to command route_design
INFO: [DRC 23-27] Running DRC with 2 threads
INFO: [Vivado_Tcl 4-198] DRC finished with 0 Errors
INFO: [Vivado_Tcl 4-199] Please refer to the DRC report (report_drc) for more information.


Starting Routing Task
INFO: [Route 35-254] Multithreading enabled for route_design using a maximum of 8 CPUs

Phase 1 Build RT Design
Checksum: PlaceDB: 1b189454 ConstDB: 0 ShapeSum: ea45da2f RouteDB: a0815c57
Post Restoration Checksum: NetGraph: e7e54612 | NumContArr: e9778937 | Constraints: c2a8fa9d | Timing: c2a8fa9d
Phase 1 Build RT Design | Checksum: 356aec483

Time (s): cpu = 00:00:06 ; elapsed = 00:00:14 . Memory (MB): peak = 2140.434 ; gain = 74.227

Phase 2 Router Initialization

Phase 2.1 Fix Topology Constraints
Phase 2.1 Fix Topology Constraints | Checksum: 356aec483

Time (s): cpu = 00:00:06 ; elapsed = 00:00:14 . Memory (MB): peak = 2140.434 ; gain = 74.227

Phase 2.2 Pre Route Cleanup
Phase 2.2 Pre Route Cleanup | Checksum: 356aec483

Time (s): cpu = 00:00:06 ; elapsed = 00:00:14 . Memory (MB): peak = 2140.434 ; gain = 74.227
 Number of Nodes with overlaps = 0

Phase 2.3 Update Timing
Phase 2.3 Update Timing | Checksum: 2a90dd2d9

Time (s): cpu = 00:00:06 ; elapsed = 00:00:14 . Memory (MB): peak = 2190.012 ; gain = 123.805
INFO: [Route 35-416] Intermediate Timing Summary | WNS=0.580  | TNS=0.000  | WHS=-0.145 | THS=-34.432|


Router Utilization Summary
  Global Vertical Routing Utilization    = 0.00151479 %
  Global Horizontal Routing Utilization  = 0.00169183 %
  Routable Net Status*
  *Does not include unroutable nets such as driverless and loadless.
  Run report_route_status for detailed report.
  Number of Failed Nets               = 2715
    (Failed Nets is the sum of unrouted and partially routed nets)
  Number of Unrouted Nets             = 2704
  Number of Partially Routed Nets     = 11
  Number of Node Overlaps             = 8

Phase 2 Router Initialization | Checksum: 2e870b18e

Time (s): cpu = 00:00:06 ; elapsed = 00:00:15 . Memory (MB): peak = 2190.012 ; gain = 123.805

Phase 3 Global Routing
Phase 3 Global Routing | Checksum: 2e870b18e

Time (s): cpu = 00:00:06 ; elapsed = 00:00:15 . Memory (MB): peak = 2190.012 ; gain = 123.805

Phase 4 Initial Routing

Phase 4.1 Initial Net Routing Pass
Phase 4.1 Initial Net Routing Pass | Checksum: 2505acba4

Time (s): cpu = 00:00:07 ; elapsed = 00:00:15 . Memory (MB): peak = 2190.012 ; gain = 123.805
Phase 4 Initial Routing | Checksum: 2505acba4

Time (s): cpu = 00:00:07 ; elapsed = 00:00:15 . Memory (MB): peak = 2190.012 ; gain = 123.805

Phase 5 Rip-up And Reroute

Phase 5.1 Global Iteration 0
 Number of Nodes with overlaps = 888
 Number of Nodes with overlaps = 409
 Number of Nodes with overlaps = 225
 Number of Nodes with overlaps = 124
 Number of Nodes with overlaps = 61
 Number of Nodes with overlaps = 29
 Number of Nodes with overlaps = 12
 Number of Nodes with overlaps = 4
 Number of Nodes with overlaps = 3
 Number of Nodes with overlaps = 3
 Number of Nodes with overlaps = 0
INFO: [Route 35-416] Intermediate Timing Summary | WNS=0.089  | TNS=0.000  | WHS=N/A    | THS=N/A    |

Phase 5.1 Global Iteration 0 | Checksum: 12cb0998b

Time (s): cpu = 00:00:09 ; elapsed = 00:00:21 . Memory (MB): peak = 2190.012 ; gain = 123.805

Phase 5.2 Global Iteration 1
 Number of Nodes with overlaps = 1
 Number of Nodes with overlaps = 0
INFO: [Route 35-416] Intermediate Timing Summary | WNS=0.089  | TNS=0.000  | WHS=N/A    | THS=N/A    |

Phase 5.2 Global Iteration 1 | Checksum: 32091a73a

Time (s): cpu = 00:00:09 ; elapsed = 00:00:21 . Memory (MB): peak = 2190.012 ; gain = 123.805
Phase 5 Rip-up And Reroute | Checksum: 32091a73a

Time (s): cpu = 00:00:09 ; elapsed = 00:00:21 . Memory (MB): peak = 2190.012 ; gain = 123.805

Phase 6 Delay and Skew Optimization

Phase 6.1 Delay CleanUp
Phase 6.1 Delay CleanUp | Checksum: 32091a73a

Time (s): cpu = 00:00:09 ; elapsed = 00:00:22 . Memory (MB): peak = 2190.012 ; gain = 123.805

Phase 6.2 Clock Skew Optimization
Phase 6.2 Clock Skew Optimization | Checksum: 32091a73a

Time (s): cpu = 00:00:09 ; elapsed = 00:00:22 . Memory (MB): peak = 2190.012 ; gain = 123.805
Phase 6 Delay and Skew Optimization | Checksum: 32091a73a

Time (s): cpu = 00:00:09 ; elapsed = 00:00:22 . Memory (MB): peak = 2190.012 ; gain = 123.805

Phase 7 Post Hold Fix

Phase 7.1 Hold Fix Iter
INFO: [Route 35-416] Intermediate Timing Summary | WNS=0.169  | TNS=0.000  | WHS=0.056  | THS=0.000  |

Phase 7.1 Hold Fix Iter | Checksum: 2c5188610

Time (s): cpu = 00:00:09 ; elapsed = 00:00:22 . Memory (MB): peak = 2190.012 ; gain = 123.805
Phase 7 Post Hold Fix | Checksum: 2c5188610

Time (s): cpu = 00:00:09 ; elapsed = 00:00:22 . Memory (MB): peak = 2190.012 ; gain = 123.805

Phase 8 Route finalize

Router Utilization Summary
  Global Vertical Routing Utilization    = 0.788248 %
  Global Horizontal Routing Utilization  = 0.914498 %
  Routable Net Status*
  *Does not include unroutable nets such as driverless and loadless.
  Run report_route_status for detailed report.
  Number of Failed Nets               = 0
    (Failed Nets is the sum of unrouted and partially routed nets)
  Number of Unrouted Nets             = 0
  Number of Partially Routed Nets     = 0
  Number of Node Overlaps             = 0

Phase 8 Route finalize | Checksum: 2c5188610

Time (s): cpu = 00:00:09 ; elapsed = 00:00:22 . Memory (MB): peak = 2190.012 ; gain = 123.805

Phase 9 Verifying routed nets

 Verification completed successfully
Phase 9 Verifying routed nets | Checksum: 2c5188610

Time (s): cpu = 00:00:09 ; elapsed = 00:00:22 . Memory (MB): peak = 2190.012 ; gain = 123.805

Phase 10 Depositing Routes
Phase 10 Depositing Routes | Checksum: 27545ff7f

Time (s): cpu = 00:00:09 ; elapsed = 00:00:22 . Memory (MB): peak = 2190.012 ; gain = 123.805

Phase 11 Post Process Routing
Phase 11 Post Process Routing | Checksum: 27545ff7f

Time (s): cpu = 00:00:09 ; elapsed = 00:00:22 . Memory (MB): peak = 2190.012 ; gain = 123.805

Phase 12 Post Router Timing
INFO: [Route 35-57] Estimated Timing Summary | WNS=0.169  | TNS=0.000  | WHS=0.056  | THS=0.000  |

INFO: [Route 35-327] The final timing numbers are based on the router estimated timing analysis. For a complete and accurate timing signoff, please run report_timing_summary.
Phase 12 Post Router Timing | Checksum: 27545ff7f

Time (s): cpu = 00:00:09 ; elapsed = 00:00:22 . Memory (MB): peak = 2190.012 ; gain = 123.805
Total Elapsed time in route_design: 21.777 secs

Phase 13 Post-Route Event Processing
Phase 13 Post-Route Event Processing | Checksum: 16f73fd35

Time (s): cpu = 00:00:09 ; elapsed = 00:00:22 . Memory (MB): peak = 2190.012 ; gain = 123.805
INFO: [Route 35-16] Router Completed Successfully
Ending Routing Task | Checksum: 16f73fd35

Time (s): cpu = 00:00:09 ; elapsed = 00:00:22 . Memory (MB): peak = 2190.012 ; gain = 123.805

Routing Is Done.
INFO: [Common 17-83] Releasing license: Implementation
87 Infos, 8 Warnings, 7 Critical Warnings and 0 Errors encountered.
route_design completed successfully
route_design: Time (s): cpu = 00:00:10 ; elapsed = 00:00:23 . Memory (MB): peak = 2190.012 ; gain = 123.805
INFO: [Vivado 12-24828] Executing command : report_drc -file lab6_drc_routed.rpt -pb lab6_drc_routed.pb -rpx lab6_drc_routed.rpx
Command: report_drc -file lab6_drc_routed.rpt -pb lab6_drc_routed.pb -rpx lab6_drc_routed.rpx
INFO: [IP_Flow 19-1839] IP Catalog is up to date.
INFO: [DRC 23-27] Running DRC with 2 threads
INFO: [Vivado_Tcl 2-168] The results of DRC are in file D:/DLab/lab_7_for_students/lab_7.runs/impl_1/lab6_drc_routed.rpt.
report_drc completed successfully
INFO: [Vivado 12-24828] Executing command : report_methodology -file lab6_methodology_drc_routed.rpt -pb lab6_methodology_drc_routed.pb -rpx lab6_methodology_drc_routed.rpx
Command: report_methodology -file lab6_methodology_drc_routed.rpt -pb lab6_methodology_drc_routed.pb -rpx lab6_methodology_drc_routed.rpx
INFO: [Timing 38-35] Done setting XDC timing constraints.
INFO: [DRC 23-133] Running Methodology with 2 threads
INFO: [Vivado_Tcl 2-1520] The results of Report Methodology are in file D:/DLab/lab_7_for_students/lab_7.runs/impl_1/lab6_methodology_drc_routed.rpt.
report_methodology completed successfully
INFO: [Vivado 12-24828] Executing command : report_timing_summary -max_paths 10 -file lab6_timing_summary_routed.rpt -pb lab6_timing_summary_routed.pb -rpx lab6_timing_summary_routed.rpx -warn_on_violation 
INFO: [Timing 38-35] Done setting XDC timing constraints.
INFO: [Timing 38-91] UpdateTimingParams: Speed grade: -1L, Delay Type: min_max.
INFO: [Timing 38-191] Multithreading enabled for timing update using a maximum of 2 CPUs
INFO: [Vivado 12-24838] Running report commands "report_incremental_reuse, report_route_status" in parallel.
Running report generation with 2 threads.
INFO: [Vivado 12-24828] Executing command : report_incremental_reuse -file lab6_incremental_reuse_routed.rpt
INFO: [Vivado_Tcl 4-1062] Incremental flow is disabled. No incremental reuse Info to report.
INFO: [Vivado 12-24828] Executing command : report_route_status -file lab6_route_status.rpt -pb lab6_route_status.pb
INFO: [Vivado 12-24828] Executing command : report_power -file lab6_power_routed.rpt -pb lab6_power_summary_routed.pb -rpx lab6_power_routed.rpx
Command: report_power -file lab6_power_routed.rpt -pb lab6_power_summary_routed.pb -rpx lab6_power_routed.rpx
Running Vector-less Activity Propagation...

Finished Running Vector-less Activity Propagation
104 Infos, 8 Warnings, 7 Critical Warnings and 0 Errors encountered.
report_power completed successfully
INFO: [Vivado 12-24828] Executing command : report_clock_utilization -file lab6_clock_utilization_routed.rpt
WARNING: [Device 21-9320] Failed to find the Oracle tile group with name 'HSR_BOUNDARY_TOP'. This is required for Clock regions and Virtual grid.
WARNING: [Device 21-2174] Failed to initialize Virtual grid.
INFO: [Vivado 12-24828] Executing command : report_bus_skew -warn_on_violation -file lab6_bus_skew_routed.rpt -pb lab6_bus_skew_routed.pb -rpx lab6_bus_skew_routed.rpx
INFO: [Timing 38-91] UpdateTimingParams: Speed grade: -1L, Delay Type: min_max.
INFO: [Timing 38-191] Multithreading enabled for timing update using a maximum of 2 CPUs
INFO: [Timing 38-480] Writing timing data to binary archive.
Write ShapeDB Complete: Time (s): cpu = 00:00:00 ; elapsed = 00:00:00.008 . Memory (MB): peak = 2190.012 ; gain = 0.000
Wrote PlaceDB: Time (s): cpu = 00:00:00 ; elapsed = 00:00:00.159 . Memory (MB): peak = 2190.012 ; gain = 0.000
Wrote PulsedLatchDB: Time (s): cpu = 00:00:00 ; elapsed = 00:00:00 . Memory (MB): peak = 2190.012 ; gain = 0.000
Writing XDEF routing.
Writing XDEF routing logical nets.
Writing XDEF routing special nets.
Wrote RouteStorage: Time (s): cpu = 00:00:00 ; elapsed = 00:00:00.040 . Memory (MB): peak = 2190.012 ; gain = 0.000
Wrote Netlist Cache: Time (s): cpu = 00:00:00 ; elapsed = 00:00:00.003 . Memory (MB): peak = 2190.012 ; gain = 0.000
Wrote Device Cache: Time (s): cpu = 00:00:00 ; elapsed = 00:00:00.004 . Memory (MB): peak = 2190.012 ; gain = 0.000
Write Physdb Complete: Time (s): cpu = 00:00:00 ; elapsed = 00:00:00.210 . Memory (MB): peak = 2190.012 ; gain = 0.000
INFO: [Common 17-1381] The checkpoint 'D:/DLab/lab_7_for_students/lab_7.runs/impl_1/lab6_routed.dcp' has been generated.
Command: write_bitstream -force lab6.bit
Attempting to get a license for feature 'Implementation' and/or device 'xc7a35ti'
INFO: [Common 17-349] Got license for feature 'Implementation' and/or device 'xc7a35ti'
Running DRC as a precondition to command write_bitstream
INFO: [IP_Flow 19-1839] IP Catalog is up to date.
INFO: [DRC 23-27] Running DRC with 2 threads
WARNING: [DRC PDRC-153] Gated clock check: Net P_next_reg[4]_i_2_n_0 is a gated clock net sourced by a combinational pin P_next_reg[4]_i_2/O, cell P_next_reg[4]_i_2. This is not good design practice and will likely impact performance. For SLICE registers, for example, use the CE pin to control the loading of data.
WARNING: [DRC PDRC-153] Gated clock check: Net mult_next0 is a gated clock net sourced by a combinational pin FSM_onehot_mult_next_reg[7]_i_2/O, cell FSM_onehot_mult_next_reg[7]_i_2. This is not good design practice and will likely impact performance. For SLICE registers, for example, use the CE pin to control the loading of data.
INFO: [Vivado 12-3199] DRC finished with 0 Errors, 2 Warnings
INFO: [Vivado 12-3200] Please refer to the DRC report (report_drc) for more information.
INFO: [Designutils 20-2272] Running write_bitstream with 2 threads.
Loading data files...
Loading site data...
Loading route data...
Processing options...
Creating bitmap...
Creating bitstream...
Writing bitstream ./lab6.bit...
INFO: [Vivado 12-1842] Bitgen Completed Successfully.
INFO: [Project 1-1876] WebTalk data collection is mandatory when using a ULT device. To see the specific WebTalk data collected for your design, open the usage_statistics_webtalk.html or usage_statistics_webtalk.xml file in the implementation directory.
INFO: [Common 17-83] Releasing license: Implementation
119 Infos, 12 Warnings, 7 Critical Warnings and 0 Errors encountered.
write_bitstream completed successfully
write_bitstream: Time (s): cpu = 00:00:04 ; elapsed = 00:00:08 . Memory (MB): peak = 2640.453 ; gain = 450.441
INFO: [Common 17-206] Exiting Vivado at Sun Nov  3 22:56:11 2024...
