Copyright 1986-2022 Xilinx, Inc. All Rights Reserved. Copyright 2022-2024 Advanced Micro Devices, Inc. All Rights Reserved.
---------------------------------------------------------------------------------------------------------------------------------------------
| Tool Version : Vivado v.2024.1 (win64) Build 5076996 Wed May 22 18:37:14 MDT 2024
| Date         : Mon Oct  7 17:28:24 2024
| Host         : Apollos-notebook running 64-bit major release  (build 9200)
| Command      : report_control_sets -verbose -file lab4_control_sets_placed.rpt
| Design       : lab4
| Device       : xc7a35ti
---------------------------------------------------------------------------------------------------------------------------------------------

Control Set Information

Table of Contents
-----------------
1. Summary
2. Histogram
3. Flip-Flop Distribution
4. Detailed Control Set Information

1. Summary
----------

+----------------------------------------------------------+-------+
|                          Status                          | Count |
+----------------------------------------------------------+-------+
| Total control sets                                       |     8 |
|    Minimum number of control sets                        |     8 |
|    Addition due to synthesis replication                 |     0 |
|    Addition due to physical synthesis replication        |     0 |
| Unused register locations in slices containing registers |    29 |
+----------------------------------------------------------+-------+
* Control sets can be merged at opt_design using control_set_merge or merge_equivalent_drivers
** Run report_qor_suggestions for automated merging and remapping suggestions


2. Histogram
------------

+--------------------+-------+
|       Fanout       | Count |
+--------------------+-------+
| Total control sets |     8 |
| >= 0 to < 4        |     0 |
| >= 4 to < 6        |     3 |
| >= 6 to < 8        |     0 |
| >= 8 to < 10       |     0 |
| >= 10 to < 12      |     0 |
| >= 12 to < 14      |     0 |
| >= 14 to < 16      |     0 |
| >= 16              |     5 |
+--------------------+-------+
* Control sets can be remapped at either synth_design or opt_design


3. Flip-Flop Distribution
-------------------------

+--------------+-----------------------+------------------------+-----------------+--------------+
| Clock Enable | Synchronous Set/Reset | Asynchronous Set/Reset | Total Registers | Total Slices |
+--------------+-----------------------+------------------------+-----------------+--------------+
| No           | No                    | No                     |               4 |            4 |
| No           | No                    | Yes                    |              31 |           11 |
| No           | Yes                   | No                     |               0 |            0 |
| Yes          | No                    | No                     |               0 |            0 |
| Yes          | No                    | Yes                    |              84 |           22 |
| Yes          | Yes                   | No                     |               4 |            1 |
+--------------+-----------------------+------------------------+-----------------+--------------+


4. Detailed Control Set Information
-----------------------------------

+----------------+---------------+------------------+------------------+----------------+--------------+
|  Clock Signal  | Enable Signal | Set/Reset Signal | Slice Load Count | Bel Load Count | Bels / Slice |
+----------------+---------------+------------------+------------------+----------------+--------------+
|  clk_IBUF_BUFG |               |                  |                4 |              4 |         1.00 |
|  clk_IBUF_BUFG | A1/E[0]       | A2/reset_n       |                2 |              4 |         2.00 |
|  clk_IBUF_BUFG | reset_n_IBUF  | led[3]_i_1_n_0   |                1 |              4 |         4.00 |
|  clk_IBUF_BUFG | A0/timer      | A2/reset_n       |                5 |             20 |         4.00 |
|  clk_IBUF_BUFG | A1/timer      | A2/reset_n       |                5 |             20 |         4.00 |
|  clk_IBUF_BUFG | A2/timer      | A2/reset_n       |                5 |             20 |         4.00 |
|  clk_IBUF_BUFG | A3/timer      | A2/reset_n       |                5 |             20 |         4.00 |
|  clk_IBUF_BUFG |               | A2/reset_n       |               11 |             31 |         2.82 |
+----------------+---------------+------------------+------------------+----------------+--------------+


