Copyright 1986-2022 Xilinx, Inc. All Rights Reserved. Copyright 2022-2024 Advanced Micro Devices, Inc. All Rights Reserved.
---------------------------------------------------------------------------------------------------------------------------------------------
| Tool Version : Vivado v.2024.1 (win64) Build 5076996 Wed May 22 18:37:14 MDT 2024
| Date         : Mon Oct 14 17:52:05 2024
| Host         : Apollos-notebook running 64-bit major release  (build 9200)
| Command      : report_control_sets -verbose -file lab5_control_sets_placed.rpt
| Design       : lab5
| Device       : xc7a35ti
---------------------------------------------------------------------------------------------------------------------------------------------

Control Set Information

Table of Contents
-----------------
1. Summary
2. Histogram
3. Flip-Flop Distribution
4. Detailed Control Set Information

1. Summary
----------

+----------------------------------------------------------+-------+
|                          Status                          | Count |
+----------------------------------------------------------+-------+
| Total control sets                                       |    11 |
|    Minimum number of control sets                        |    11 |
|    Addition due to synthesis replication                 |     0 |
|    Addition due to physical synthesis replication        |     0 |
| Unused register locations in slices containing registers |    38 |
+----------------------------------------------------------+-------+
* Control sets can be merged at opt_design using control_set_merge or merge_equivalent_drivers
** Run report_qor_suggestions for automated merging and remapping suggestions


2. Histogram
------------

+--------------------+-------+
|       Fanout       | Count |
+--------------------+-------+
| Total control sets |    11 |
| >= 0 to < 4        |     1 |
| >= 4 to < 6        |     5 |
| >= 6 to < 8        |     1 |
| >= 8 to < 10       |     0 |
| >= 10 to < 12      |     0 |
| >= 12 to < 14      |     0 |
| >= 14 to < 16      |     0 |
| >= 16              |     4 |
+--------------------+-------+
* Control sets can be remapped at either synth_design or opt_design


3. Flip-Flop Distribution
-------------------------

+--------------+-----------------------+------------------------+-----------------+--------------+
| Clock Enable | Synchronous Set/Reset | Asynchronous Set/Reset | Total Registers | Total Slices |
+--------------+-----------------------+------------------------+-----------------+--------------+
| No           | No                    | No                     |               1 |            1 |
| No           | No                    | Yes                    |              53 |           20 |
| No           | Yes                   | No                     |               0 |            0 |
| Yes          | No                    | No                     |               8 |            3 |
| Yes          | No                    | Yes                    |              44 |           13 |
| Yes          | Yes                   | No                     |              64 |           17 |
+--------------+-----------------------+------------------------+-----------------+--------------+


4. Detailed Control Set Information
-----------------------------------

+----------------+------------------------------+----------------------------+------------------+----------------+--------------+
|  Clock Signal  |         Enable Signal        |      Set/Reset Signal      | Slice Load Count | Bel Load Count | Bels / Slice |
+----------------+------------------------------+----------------------------+------------------+----------------+--------------+
|  clk_IBUF_BUFG |                              |                            |                1 |              1 |         1.00 |
|  clk_IBUF_BUFG | col2_idx[0]_i_1_n_0          | lcd0/SR[0]                 |                2 |              4 |         2.00 |
|  clk_IBUF_BUFG | col1_idx[0]_i_1_n_0          | lcd0/SR[0]                 |                1 |              4 |         4.00 |
|  clk_IBUF_BUFG | col3_idx[0]_i_1_n_0          | lcd0/SR[0]                 |                2 |              4 |         2.00 |
|  clk_IBUF_BUFG | lcd0/icode                   |                            |                1 |              4 |         4.00 |
|  clk_IBUF_BUFG | lcd0/tcode[3]_i_1_n_0        |                            |                2 |              4 |         2.00 |
|  clk_IBUF_BUFG | lcd0/lcd_initialized_reg_n_0 | lcd0/SR[0]                 |                3 |              7 |         2.33 |
|  clk_IBUF_BUFG | lcd0/lcd_initialized_reg_n_0 | lcd0/text_count[0]_i_1_n_0 |                7 |             25 |         3.57 |
|  clk_IBUF_BUFG | scroll_counter[31]_i_1_n_0   | lcd0/SR[0]                 |                8 |             32 |         4.00 |
|  clk_IBUF_BUFG | lcd0/init_e_i_2_n_0          | lcd0/SR[0]                 |                7 |             32 |         4.57 |
|  clk_IBUF_BUFG |                              | lcd0/SR[0]                 |               20 |             53 |         2.65 |
+----------------+------------------------------+----------------------------+------------------+----------------+--------------+


